<?xml version="1.0" encoding="UTF-8"?>
<!-- Generated by org.testng.reporters.JUnitReportReporter -->
<testsuite hostname="DESKTOP-K60HUMI" failures="0" tests="1" name="com.saucelabs.testcases.SignUpTest" time="17.144" errors="0" timestamp="2023-07-20T16:36:39 IST" skipped="0">
  <testcase classname="com.saucelabs.testcases.SignUpTest" name="register" time="17.144"/>
  <system-out/>
</testsuite> <!-- com.saucelabs.testcases.SignUpTest -->
